2025-04-08 18:02:02.083809 - Received CBT.V508.FILE038.PDS from FILE038.XMI 
2025-04-08 18:02:02.104447 - Found $$$#DATE.txt (text/plain) in CBT.V508.FILE038.PDS, moved to PDS/$$$#DATE
2025-04-08 18:02:02.105332 - Found ###NEW##.txt (text/plain) in CBT.V508.FILE038.PDS, moved to PDS/###NEW##
2025-04-08 18:02:02.105955 - Found ##DOC.txt (text/plain) in CBT.V508.FILE038.PDS, moved to PDS/##DOC
2025-04-08 18:02:02.106602 - Found #GETFORT.jcl (text/plain) in CBT.V508.FILE038.PDS, moved to PDS/#GETFORT
2025-04-08 18:02:02.107515 - Found #GRAFICS.txt (text/plain) in CBT.V508.FILE038.PDS, moved to PDS/#GRAFICS
2025-04-08 18:02:02.108222 - Found #JCLFULL.jcl (text/plain) in CBT.V508.FILE038.PDS, moved to PDS/#JCLFULL
2025-04-08 18:02:02.108878 - Found #JCLPROG.txt (text/plain) in CBT.V508.FILE038.PDS, moved to PDS/#JCLPROG
2025-04-08 18:02:02.109528 - Found #KLHELP.txt (text/plain) in CBT.V508.FILE038.PDS, moved to PDS/#KLHELP
2025-04-08 18:02:02.110186 - Found #KLHERC.txt (text/plain) in CBT.V508.FILE038.PDS, moved to PDS/#KLHERC
2025-04-08 18:02:02.110799 - Found #KLSEQ.txt (text/plain) in CBT.V508.FILE038.PDS, moved to PDS/#KLSEQ
2025-04-08 18:02:02.111459 - Found #KL3270.txt (text/plain) in CBT.V508.FILE038.PDS, moved to PDS/#KL3270
2025-04-08 18:02:02.112090 - Found #LINK.txt (text/plain) in CBT.V508.FILE038.PDS, moved to PDS/#LINK
2025-04-08 18:02:02.112756 - Found #LNKINIT.txt (text/plain) in CBT.V508.FILE038.PDS, moved to PDS/#LNKINIT
2025-04-08 18:02:02.113351 - Found #MEMLIST.txt (text/plain) in CBT.V508.FILE038.PDS, moved to PDS/#MEMLIST
2025-04-08 18:02:02.114039 - Found #RULES.txt (text/plain) in CBT.V508.FILE038.PDS, moved to PDS/#RULES
2025-04-08 18:02:02.114704 - Found #SRULES.t (text/troff) in CBT.V508.FILE038.PDS, moved to PDS/#SRULES
2025-04-08 18:02:02.115340 - Found @FILE038.txt (text/plain) in CBT.V508.FILE038.PDS, moved to PDS/@FILE038
2025-04-08 18:02:02.116049 - Found ABANMS.txt (text/plain) in CBT.V508.FILE038.PDS, moved to PDS/ABANMS
2025-04-08 18:02:02.116713 - Found ABSORB.txt (text/plain) in CBT.V508.FILE038.PDS, moved to PDS/ABSORB
2025-04-08 18:02:02.117280 - Found ADDQUE.txt (text/plain) in CBT.V508.FILE038.PDS, moved to PDS/ADDQUE
2025-04-08 18:02:02.117973 - Found APDEV.txt (text/plain) in CBT.V508.FILE038.PDS, moved to PDS/APDEV
2025-04-08 18:02:02.118638 - Found AROUND.txt (text/plain) in CBT.V508.FILE038.PDS, moved to PDS/AROUND
2025-04-08 18:02:02.119292 - Found BATTCK.txt (text/plain) in CBT.V508.FILE038.PDS, moved to PDS/BATTCK
2025-04-08 18:02:02.119893 - Found BATTLE.txt (text/plain) in CBT.V508.FILE038.PDS, moved to PDS/BATTLE
2025-04-08 18:02:02.120479 - Found BEEP.txt (text/plain) in CBT.V508.FILE038.PDS, moved to PDS/BEEP
2025-04-08 18:02:02.121099 - Found BEEP2.txt (text/plain) in CBT.V508.FILE038.PDS, moved to PDS/BEEP2
2025-04-08 18:02:02.121678 - Found BLOCKD.txt (text/plain) in CBT.V508.FILE038.PDS, moved to PDS/BLOCKD
2025-04-08 18:02:02.122339 - Found BRIDGE.txt (text/plain) in CBT.V508.FILE038.PDS, moved to PDS/BRIDGE
2025-04-08 18:02:02.122921 - Found BSTAT.txt (text/plain) in CBT.V508.FILE038.PDS, moved to PDS/BSTAT
2025-04-08 18:02:02.123556 - Found CBTCLIST.txt (text/plain) in CBT.V508.FILE038.PDS, moved to PDS/CBTCLIST
2025-04-08 18:02:02.124172 - Found CBTJCL.jcl (text/plain) in CBT.V508.FILE038.PDS, moved to PDS/CBTJCL
2025-04-08 18:02:02.124803 - Found CERT.txt (text/plain) in CBT.V508.FILE038.PDS, moved to PDS/CERT
2025-04-08 18:02:02.125409 - Found COMOVE.txt (text/plain) in CBT.V508.FILE038.PDS, moved to PDS/COMOVE
2025-04-08 18:02:02.126045 - Found COPVEC.txt (text/plain) in CBT.V508.FILE038.PDS, moved to PDS/COPVEC
2025-04-08 18:02:02.126724 - Found CORAND.txt (text/plain) in CBT.V508.FILE038.PDS, moved to PDS/CORAND
2025-04-08 18:02:02.127310 - Found CPAGE.txt (text/plain) in CBT.V508.FILE038.PDS, moved to PDS/CPAGE
2025-04-08 18:02:02.127887 - Found DAMAGE.txt (text/plain) in CBT.V508.FILE038.PDS, moved to PDS/DAMAGE
2025-04-08 18:02:02.128435 - Found DAMAGR.txt (text/plain) in CBT.V508.FILE038.PDS, moved to PDS/DAMAGR
2025-04-08 18:02:02.128991 - Found DBUGCH.txt (text/plain) in CBT.V508.FILE038.PDS, moved to PDS/DBUGCH
2025-04-08 18:02:02.129562 - Found DBUGIA.txt (text/plain) in CBT.V508.FILE038.PDS, moved to PDS/DBUGIA
2025-04-08 18:02:02.130233 - Found DBUGIN.txt (text/plain) in CBT.V508.FILE038.PDS, moved to PDS/DBUGIN
2025-04-08 18:02:02.130802 - Found DBUGRA.txt (text/plain) in CBT.V508.FILE038.PDS, moved to PDS/DBUGRA
2025-04-08 18:02:02.131461 - Found DBUGRN.txt (text/plain) in CBT.V508.FILE038.PDS, moved to PDS/DBUGRN
2025-04-08 18:02:02.132094 - Found DEATHR.txt (text/plain) in CBT.V508.FILE038.PDS, moved to PDS/DEATHR
2025-04-08 18:02:02.132718 - Found DEBUGX.txt (text/plain) in CBT.V508.FILE038.PDS, moved to PDS/DEBUGX
2025-04-08 18:02:02.133608 - Found DESMSG.txt (text/plain) in CBT.V508.FILE038.PDS, moved to PDS/DESMSG
2025-04-08 18:02:02.134296 - Found DISPIN.txt (text/plain) in CBT.V508.FILE038.PDS, moved to PDS/DISPIN
2025-04-08 18:02:02.134912 - Found DIST.txt (text/plain) in CBT.V508.FILE038.PDS, moved to PDS/DIST
2025-04-08 18:02:02.135584 - Found DOCK.txt (text/plain) in CBT.V508.FILE038.PDS, moved to PDS/DOCK
2025-04-08 18:02:02.136199 - Found DRAGIN.txt (text/plain) in CBT.V508.FILE038.PDS, moved to PDS/DRAGIN
2025-04-08 18:02:02.136798 - Found EMPLAC.txt (text/plain) in CBT.V508.FILE038.PDS, moved to PDS/EMPLAC
2025-04-08 18:02:02.137468 - Found ENGUSE.txt (text/plain) in CBT.V508.FILE038.PDS, moved to PDS/ENGUSE
2025-04-08 18:02:02.138047 - Found ENGYST.txt (text/plain) in CBT.V508.FILE038.PDS, moved to PDS/ENGYST
2025-04-08 18:02:02.138610 - Found ESCAPE.txt (text/plain) in CBT.V508.FILE038.PDS, moved to PDS/ESCAPE
2025-04-08 18:02:02.139182 - Found FREEZE.txt (text/plain) in CBT.V508.FILE038.PDS, moved to PDS/FREEZE
2025-04-08 18:02:02.139845 - Found FSIO1.txt (text/plain) in CBT.V508.FILE038.PDS, moved to PDS/FSIO1
2025-04-08 18:02:02.140509 - Found FSIO2.txt (text/plain) in CBT.V508.FILE038.PDS, moved to PDS/FSIO2
2025-04-08 18:02:02.141159 - Found GAINIT.txt (text/plain) in CBT.V508.FILE038.PDS, moved to PDS/GAINIT
2025-04-08 18:02:02.141823 - Found GRAFIC.txt (text/plain) in CBT.V508.FILE038.PDS, moved to PDS/GRAFIC
2025-04-08 18:02:02.142493 - Found HELP.txt (text/plain) in CBT.V508.FILE038.PDS, moved to PDS/HELP
2025-04-08 18:02:02.143101 - Found HELPRT.txt (text/plain) in CBT.V508.FILE038.PDS, moved to PDS/HELPRT
2025-04-08 18:02:02.143795 - Found ICROG.txt (text/plain) in CBT.V508.FILE038.PDS, moved to PDS/ICROG
2025-04-08 18:02:02.144437 - Found IDENT.txt (text/plain) in CBT.V508.FILE038.PDS, moved to PDS/IDENT
2025-04-08 18:02:02.145020 - Found IFEDST.txt (text/plain) in CBT.V508.FILE038.PDS, moved to PDS/IFEDST
2025-04-08 18:02:02.145690 - Found IFWIN.txt (text/plain) in CBT.V508.FILE038.PDS, moved to PDS/IFWIN
2025-04-08 18:02:02.146260 - Found INITCH.txt (text/plain) in CBT.V508.FILE038.PDS, moved to PDS/INITCH
2025-04-08 18:02:02.146899 - Found INITCT.txt (text/plain) in CBT.V508.FILE038.PDS, moved to PDS/INITCT
2025-04-08 18:02:02.147475 - Found INITDM.txt (text/plain) in CBT.V508.FILE038.PDS, moved to PDS/INITDM
2025-04-08 18:02:02.148041 - Found INITGR.txt (text/plain) in CBT.V508.FILE038.PDS, moved to PDS/INITGR
2025-04-08 18:02:02.148619 - Found INITKL.txt (text/plain) in CBT.V508.FILE038.PDS, moved to PDS/INITKL
2025-04-08 18:02:02.149224 - Found INTERC.txt (text/plain) in CBT.V508.FILE038.PDS, moved to PDS/INTERC
2025-04-08 18:02:02.149819 - Found INTRO.txt (text/plain) in CBT.V508.FILE038.PDS, moved to PDS/INTRO
2025-04-08 18:02:02.150509 - Found IN3270.txt (text/plain) in CBT.V508.FILE038.PDS, moved to PDS/IN3270
2025-04-08 18:02:02.151180 - Found ISBSET.txt (text/plain) in CBT.V508.FILE038.PDS, moved to PDS/ISBSET
2025-04-08 18:02:02.151820 - Found ISGN.txt (text/plain) in CBT.V508.FILE038.PDS, moved to PDS/ISGN
2025-04-08 18:02:02.152394 - Found ITERPT.txt (text/plain) in CBT.V508.FILE038.PDS, moved to PDS/ITERPT
2025-04-08 18:02:02.153214 - Found IW.txt (text/plain) in CBT.V508.FILE038.PDS, moved to PDS/IW
2025-04-08 18:02:02.153866 - Found IWI.txt (text/plain) in CBT.V508.FILE038.PDS, moved to PDS/IWI
2025-04-08 18:02:02.154541 - Found IWV.txt (text/plain) in CBT.V508.FILE038.PDS, moved to PDS/IWV
2025-04-08 18:02:02.155191 - Found JULIAN.txt (text/plain) in CBT.V508.FILE038.PDS, moved to PDS/JULIAN
2025-04-08 18:02:02.155780 - Found KILLER.txt (text/plain) in CBT.V508.FILE038.PDS, moved to PDS/KILLER
2025-04-08 18:02:02.156358 - Found KL.x-fortran (text/x-fortran) in CBT.V508.FILE038.PDS, moved to PDS/KL
2025-04-08 18:02:02.156968 - Found LINEF.txt (text/plain) in CBT.V508.FILE038.PDS, moved to PDS/LINEF
2025-04-08 18:02:02.157578 - Found LOCATE.txt (text/plain) in CBT.V508.FILE038.PDS, moved to PDS/LOCATE
2025-04-08 18:02:02.158205 - Found LONINT.txt (text/plain) in CBT.V508.FILE038.PDS, moved to PDS/LONINT
2025-04-08 18:02:02.158841 - Found LRSCAN.txt (text/plain) in CBT.V508.FILE038.PDS, moved to PDS/LRSCAN
2025-04-08 18:02:02.159498 - Found MAININ.txt (text/plain) in CBT.V508.FILE038.PDS, moved to PDS/MAININ
2025-04-08 18:02:02.160082 - Found MEMLPG.txt (text/plain) in CBT.V508.FILE038.PDS, moved to PDS/MEMLPG
2025-04-08 18:02:02.160693 - Found M2FAST.txt (text/plain) in CBT.V508.FILE038.PDS, moved to PDS/M2FAST
2025-04-08 18:02:02.161262 - Found NOVKIL.txt (text/plain) in CBT.V508.FILE038.PDS, moved to PDS/NOVKIL
2025-04-08 18:02:02.161927 - Found NUMREC.txt (text/plain) in CBT.V508.FILE038.PDS, moved to PDS/NUMREC
2025-04-08 18:02:02.162606 - Found OLDNEW.txt (text/plain) in CBT.V508.FILE038.PDS, moved to PDS/OLDNEW
2025-04-08 18:02:02.163242 - Found ORBIT.txt (text/plain) in CBT.V508.FILE038.PDS, moved to PDS/ORBIT
2025-04-08 18:02:02.163810 - Found PERHIT.txt (text/plain) in CBT.V508.FILE038.PDS, moved to PDS/PERHIT
2025-04-08 18:02:02.164527 - Found PHASER.txt (text/plain) in CBT.V508.FILE038.PDS, moved to PDS/PHASER
2025-04-08 18:02:02.165255 - Found PHOTON.txt (text/plain) in CBT.V508.FILE038.PDS, moved to PDS/PHOTON
2025-04-08 18:02:02.165850 - Found PLACE.txt (text/plain) in CBT.V508.FILE038.PDS, moved to PDS/PLACE
2025-04-08 18:02:02.166517 - Found PLAGAN.txt (text/plain) in CBT.V508.FILE038.PDS, moved to PDS/PLAGAN
2025-04-08 18:02:02.167081 - Found PLANET.txt (text/plain) in CBT.V508.FILE038.PDS, moved to PDS/PLANET
2025-04-08 18:02:02.167694 - Found PRCHRT.txt (text/plain) in CBT.V508.FILE038.PDS, moved to PDS/PRCHRT
2025-04-08 18:02:02.168248 - Found PRHIT.txt (text/plain) in CBT.V508.FILE038.PDS, moved to PDS/PRHIT
2025-04-08 18:02:02.168810 - Found PRMIM.txt (text/plain) in CBT.V508.FILE038.PDS, moved to PDS/PRMIM
2025-04-08 18:02:02.169456 - Found PRMRM.txt (text/plain) in CBT.V508.FILE038.PDS, moved to PDS/PRMRM
2025-04-08 18:02:02.170032 - Found PRMSG.txt (text/plain) in CBT.V508.FILE038.PDS, moved to PDS/PRMSG
2025-04-08 18:02:02.170677 - Found PRMSGC.txt (text/plain) in CBT.V508.FILE038.PDS, moved to PDS/PRMSGC
2025-04-08 18:02:02.171289 - Found PRMSG1.txt (text/plain) in CBT.V508.FILE038.PDS, moved to PDS/PRMSG1
2025-04-08 18:02:02.171969 - Found PRMSM.txt (text/plain) in CBT.V508.FILE038.PDS, moved to PDS/PRMSM
2025-04-08 18:02:02.172554 - Found PROMOT.txt (text/plain) in CBT.V508.FILE038.PDS, moved to PDS/PROMOT
2025-04-08 18:02:02.173128 - Found PRSC.txt (text/plain) in CBT.V508.FILE038.PDS, moved to PDS/PRSC
2025-04-08 18:02:02.173756 - Found PRTEND.txt (text/plain) in CBT.V508.FILE038.PDS, moved to PDS/PRTEND
2025-04-08 18:02:02.174417 - Found RAND.txt (text/plain) in CBT.V508.FILE038.PDS, moved to PDS/RAND
2025-04-08 18:02:02.175095 - Found RANDF.txt (text/plain) in CBT.V508.FILE038.PDS, moved to PDS/RANDF
2025-04-08 18:02:02.175754 - Found RANSET.txt (text/plain) in CBT.V508.FILE038.PDS, moved to PDS/RANSET
2025-04-08 18:02:02.176378 - Found READIN.txt (text/plain) in CBT.V508.FILE038.PDS, moved to PDS/READIN
2025-04-08 18:02:02.177030 - Found REPAIR.txt (text/plain) in CBT.V508.FILE038.PDS, moved to PDS/REPAIR
2025-04-08 18:02:02.177624 - Found RESORT.txt (text/plain) in CBT.V508.FILE038.PDS, moved to PDS/RESORT
2025-04-08 18:02:02.178292 - Found SCAN.txt (text/plain) in CBT.V508.FILE038.PDS, moved to PDS/SCAN
2025-04-08 18:02:02.178899 - Found SCORE.txt (text/plain) in CBT.V508.FILE038.PDS, moved to PDS/SCORE
2025-04-08 18:02:02.179577 - Found SECSET.txt (text/plain) in CBT.V508.FILE038.PDS, moved to PDS/SECSET
2025-04-08 18:02:02.180122 - Found SENDEC.txt (text/plain) in CBT.V508.FILE038.PDS, moved to PDS/SENDEC
2025-04-08 18:02:02.180755 - Found SETFED.txt (text/plain) in CBT.V508.FILE038.PDS, moved to PDS/SETFED
2025-04-08 18:02:02.181339 - Found SETFOR.txt (text/plain) in CBT.V508.FILE038.PDS, moved to PDS/SETFOR
2025-04-08 18:02:02.182040 - Found SHECON.txt (text/plain) in CBT.V508.FILE038.PDS, moved to PDS/SHECON
2025-04-08 18:02:02.182711 - Found SHIFT.txt (text/plain) in CBT.V508.FILE038.PDS, moved to PDS/SHIFT
2025-04-08 18:02:02.183395 - Found SHIFTAB.txt (text/plain) in CBT.V508.FILE038.PDS, moved to PDS/SHIFTAB
2025-04-08 18:02:02.184029 - Found SHIFTC.txt (text/plain) in CBT.V508.FILE038.PDS, moved to PDS/SHIFTC
2025-04-08 18:02:02.184653 - Found SHIP.txt (text/plain) in CBT.V508.FILE038.PDS, moved to PDS/SHIP
2025-04-08 18:02:02.185291 - Found SRS.txt (text/plain) in CBT.V508.FILE038.PDS, moved to PDS/SRS
2025-04-08 18:02:02.185871 - Found SRSCAN.txt (text/plain) in CBT.V508.FILE038.PDS, moved to PDS/SRSCAN
2025-04-08 18:02:02.186558 - Found SR3270.txt (text/plain) in CBT.V508.FILE038.PDS, moved to PDS/SR3270
2025-04-08 18:02:02.187143 - Found SSDEST.txt (text/plain) in CBT.V508.FILE038.PDS, moved to PDS/SSDEST
2025-04-08 18:02:02.187773 - Found SSFIND.txt (text/plain) in CBT.V508.FILE038.PDS, moved to PDS/SSFIND
2025-04-08 18:02:02.188402 - Found SSINIT.txt (text/plain) in CBT.V508.FILE038.PDS, moved to PDS/SSINIT
2025-04-08 18:02:02.189003 - Found SSMOVI.txt (text/plain) in CBT.V508.FILE038.PDS, moved to PDS/SSMOVI
2025-04-08 18:02:02.189609 - Found SSMOVO.txt (text/plain) in CBT.V508.FILE038.PDS, moved to PDS/SSMOVO
2025-04-08 18:02:02.190245 - Found SSPRNT.txt (text/plain) in CBT.V508.FILE038.PDS, moved to PDS/SSPRNT
2025-04-08 18:02:02.190845 - Found SSTART.txt (text/plain) in CBT.V508.FILE038.PDS, moved to PDS/SSTART
2025-04-08 18:02:02.191413 - Found STARTM.txt (text/plain) in CBT.V508.FILE038.PDS, moved to PDS/STARTM
2025-04-08 18:02:02.192079 - Found STAX.txt (text/plain) in CBT.V508.FILE038.PDS, moved to PDS/STAX
2025-04-08 18:02:02.192703 - Found STIMER.txt (text/plain) in CBT.V508.FILE038.PDS, moved to PDS/STIMER
2025-04-08 18:02:02.193275 - Found SZTERM.txt (text/plain) in CBT.V508.FILE038.PDS, moved to PDS/SZTERM
2025-04-08 18:02:02.193975 - Found TARSET.txt (text/plain) in CBT.V508.FILE038.PDS, moved to PDS/TARSET
2025-04-08 18:02:02.194551 - Found TIME.txt (text/plain) in CBT.V508.FILE038.PDS, moved to PDS/TIME
2025-04-08 18:02:02.195119 - Found TIMMSG.txt (text/plain) in CBT.V508.FILE038.PDS, moved to PDS/TIMMSG
2025-04-08 18:02:02.195670 - Found TIMUSE.txt (text/plain) in CBT.V508.FILE038.PDS, moved to PDS/TIMUSE
2025-04-08 18:02:02.196269 - Found TRACK.txt (text/plain) in CBT.V508.FILE038.PDS, moved to PDS/TRACK
2025-04-08 18:02:02.196841 - Found TSMSG.txt (text/plain) in CBT.V508.FILE038.PDS, moved to PDS/TSMSG
2025-04-08 18:02:02.197427 - Found XCHEAD.txt (text/plain) in CBT.V508.FILE038.PDS, moved to PDS/XCHEAD
2025-04-08 18:02:02.198038 - Found XDEBUG.txt (text/plain) in CBT.V508.FILE038.PDS, moved to PDS/XDEBUG
2025-04-08 18:02:02.198648 - Found XFILLB.txt (text/plain) in CBT.V508.FILE038.PDS, moved to PDS/XFILLB
2025-04-08 18:02:02.199241 - Found YESNO.txt (text/plain) in CBT.V508.FILE038.PDS, moved to PDS/YESNO
